<?xml version="1.0" encoding="UTF-8"?>
<!-- Generated by org.testng.reporters.JUnitXMLReporter -->
<testsuite ignored="0" hostname="hari" failures="0" tests="4" name="Default test" time="0.129" errors="0" timestamp="2024-01-22T20:28:52 IST">
  <testcase classname="com.simplilearn.logtesting.TestLogs" name="testDebugLogs" time="0.017"/>
  <testcase classname="com.simplilearn.logtesting.TestLogs" name="testErrorLogs" time="0.003"/>
  <testcase classname="com.simplilearn.logtesting.TestLogs" name="testInfoLogs" time="0.002"/>
  <testcase classname="com.simplilearn.logtesting.TestLogs" name="testWarnLogs" time="0.002"/>
</testsuite> <!-- Default test -->
