<?xml version="1.0" encoding="UTF-8"?>
<testng-results ignored="0" total="4" passed="4" failed="0" skipped="0">
  <reporter-output>
  </reporter-output>
  <suite started-at="2024-01-22T20:28:51 IST" name="Default suite" finished-at="2024-01-22T20:28:51 IST" duration-ms="129">
    <groups>
    </groups>
    <test started-at="2024-01-22T20:28:51 IST" name="Default test" finished-at="2024-01-22T20:28:51 IST" duration-ms="129">
      <class name="com.simplilearn.logtesting.TestLogs">
        <test-method signature="testDebugLogs()[pri:0, instance:com.simplilearn.logtesting.TestLogs@58d75e99]" started-at="2024-01-22T20:28:51 IST" name="testDebugLogs" finished-at="2024-01-22T20:28:51 IST" duration-ms="17" status="PASS">
          <reporter-output>
          </reporter-output>
        </test-method> <!-- testDebugLogs -->
        <test-method signature="testErrorLogs()[pri:0, instance:com.simplilearn.logtesting.TestLogs@58d75e99]" started-at="2024-01-22T20:28:51 IST" name="testErrorLogs" finished-at="2024-01-22T20:28:51 IST" duration-ms="3" status="PASS">
          <reporter-output>
          </reporter-output>
        </test-method> <!-- testErrorLogs -->
        <test-method signature="testInfoLogs()[pri:0, instance:com.simplilearn.logtesting.TestLogs@58d75e99]" started-at="2024-01-22T20:28:51 IST" name="testInfoLogs" finished-at="2024-01-22T20:28:51 IST" duration-ms="2" status="PASS">
          <reporter-output>
          </reporter-output>
        </test-method> <!-- testInfoLogs -->
        <test-method signature="testWarnLogs()[pri:0, instance:com.simplilearn.logtesting.TestLogs@58d75e99]" started-at="2024-01-22T20:28:51 IST" name="testWarnLogs" finished-at="2024-01-22T20:28:51 IST" duration-ms="2" status="PASS">
          <reporter-output>
          </reporter-output>
        </test-method> <!-- testWarnLogs -->
      </class> <!-- com.simplilearn.logtesting.TestLogs -->
    </test> <!-- Default test -->
  </suite> <!-- Default suite -->
</testng-results>
